[debug] [2024-05-14T22:09:26.822Z] ----------------------------------------------------------------------
[debug] [2024-05-14T22:09:26.824Z] Command:       C:\Program Files\nodejs\node.exe C:\Program Files\nodejs\node_modules\firebase-tools\lib\bin\firebase.js deploy
[debug] [2024-05-14T22:09:26.825Z] CLI Version:   13.8.3
[debug] [2024-05-14T22:09:26.825Z] Platform:      win32
[debug] [2024-05-14T22:09:26.825Z] Node Version:  v21.5.0
[debug] [2024-05-14T22:09:26.825Z] Time:          Tue May 14 2024 15:09:26 GMT-0700 (Pacific Daylight Time)
[debug] [2024-05-14T22:09:26.826Z] ----------------------------------------------------------------------
[debug] 
[debug] [2024-05-14T22:09:26.902Z] > command requires scopes: ["email","openid","https://www.googleapis.com/auth/cloudplatformprojects.readonly","https://www.googleapis.com/auth/firebase","https://www.googleapis.com/auth/cloud-platform"]
[debug] [2024-05-14T22:09:26.902Z] > authorizing via signed-in user (chanerik1000@gmail.com)
[debug] [2024-05-14T22:09:26.902Z] [iam] checking project stackline-assessment-e030a for permissions ["firebase.projects.get","firebasehosting.sites.update"]
[debug] [2024-05-14T22:09:26.904Z] >>> [apiv2][query] POST https://cloudresourcemanager.googleapis.com/v1/projects/stackline-assessment-e030a:testIamPermissions [none]
[debug] [2024-05-14T22:09:26.904Z] >>> [apiv2][(partial)header] POST https://cloudresourcemanager.googleapis.com/v1/projects/stackline-assessment-e030a:testIamPermissions x-goog-quota-user=projects/stackline-assessment-e030a
[debug] [2024-05-14T22:09:26.904Z] >>> [apiv2][body] POST https://cloudresourcemanager.googleapis.com/v1/projects/stackline-assessment-e030a:testIamPermissions {"permissions":["firebase.projects.get","firebasehosting.sites.update"]}
[debug] [2024-05-14T22:09:27.289Z] <<< [apiv2][status] POST https://cloudresourcemanager.googleapis.com/v1/projects/stackline-assessment-e030a:testIamPermissions 200
[debug] [2024-05-14T22:09:27.289Z] <<< [apiv2][body] POST https://cloudresourcemanager.googleapis.com/v1/projects/stackline-assessment-e030a:testIamPermissions {"permissions":["firebase.projects.get","firebasehosting.sites.update"]}
[debug] [2024-05-14T22:09:27.290Z] >>> [apiv2][query] GET https://firebase.googleapis.com/v1beta1/projects/stackline-assessment-e030a [none]
[debug] [2024-05-14T22:09:27.770Z] <<< [apiv2][status] GET https://firebase.googleapis.com/v1beta1/projects/stackline-assessment-e030a 200
[debug] [2024-05-14T22:09:27.771Z] <<< [apiv2][body] GET https://firebase.googleapis.com/v1beta1/projects/stackline-assessment-e030a {"projectId":"stackline-assessment-e030a","projectNumber":"957039848756","displayName":"Stackline-Assessment","name":"projects/stackline-assessment-e030a","resources":{"hostingSite":"stackline-assessment-e030a"},"state":"ACTIVE","etag":"1_da0d1fab-caf8-4b1d-b69d-a3f94c872bd6"}
[info] 
   Thank you for trying our early preview of Next.js support on Firebase Hosting.
   During the preview, support is best-effort and breaking changes can be expected. Proceed with caution.
   The integration is known to work with Next.js version 12 - 14.0. You may encounter errors.

   Documentation: https://firebase.google.com/docs/hosting/frameworks/nextjs
   File a bug: https://github.com/firebase/firebase-tools/issues/new?template=bug_report.md
   Submit a feature request: https://github.com/firebase/firebase-tools/issues/new?template=feature_request.md

   We'd love to learn from you. Express your interest in helping us shape the future of Firebase Hosting: https://goo.gle/41enW5X

[debug] [2024-05-14T22:09:33.847Z] >>> [apiv2][query] GET https://firebasehosting.googleapis.com/v1beta1/projects/stackline-assessment-e030a/sites/stackline-assessment-e030a [none]
[debug] [2024-05-14T22:09:34.734Z] <<< [apiv2][status] GET https://firebasehosting.googleapis.com/v1beta1/projects/stackline-assessment-e030a/sites/stackline-assessment-e030a 200
[debug] [2024-05-14T22:09:34.734Z] <<< [apiv2][body] GET https://firebasehosting.googleapis.com/v1beta1/projects/stackline-assessment-e030a/sites/stackline-assessment-e030a {"name":"projects/stackline-assessment-e030a/sites/stackline-assessment-e030a","defaultUrl":"https://stackline-assessment-e030a.web.app","type":"DEFAULT_SITE"}
[debug] [2024-05-14T22:09:44.580Z] ----------------------------------------------------------------------
[debug] [2024-05-14T22:09:44.582Z] Command:       C:\Program Files\nodejs\node.exe C:\Program Files\nodejs\node_modules\firebase-tools\lib\bin\firebase.js deploy
[debug] [2024-05-14T22:09:44.582Z] CLI Version:   13.8.3
[debug] [2024-05-14T22:09:44.582Z] Platform:      win32
[debug] [2024-05-14T22:09:44.583Z] Node Version:  v21.5.0
[debug] [2024-05-14T22:09:44.583Z] Time:          Tue May 14 2024 15:09:44 GMT-0700 (Pacific Daylight Time)
[debug] [2024-05-14T22:09:44.583Z] ----------------------------------------------------------------------
[debug] 
[debug] [2024-05-14T22:09:44.638Z] > command requires scopes: ["email","openid","https://www.googleapis.com/auth/cloudplatformprojects.readonly","https://www.googleapis.com/auth/firebase","https://www.googleapis.com/auth/cloud-platform"]
[debug] [2024-05-14T22:09:44.639Z] > authorizing via signed-in user (chanerik1000@gmail.com)
[debug] [2024-05-14T22:09:44.639Z] [iam] checking project stackline-assessment-e030a for permissions ["firebase.projects.get","firebasehosting.sites.update"]
[debug] [2024-05-14T22:09:44.640Z] >>> [apiv2][query] POST https://cloudresourcemanager.googleapis.com/v1/projects/stackline-assessment-e030a:testIamPermissions [none]
[debug] [2024-05-14T22:09:44.640Z] >>> [apiv2][(partial)header] POST https://cloudresourcemanager.googleapis.com/v1/projects/stackline-assessment-e030a:testIamPermissions x-goog-quota-user=projects/stackline-assessment-e030a
[debug] [2024-05-14T22:09:44.640Z] >>> [apiv2][body] POST https://cloudresourcemanager.googleapis.com/v1/projects/stackline-assessment-e030a:testIamPermissions {"permissions":["firebase.projects.get","firebasehosting.sites.update"]}
[debug] [2024-05-14T22:09:44.947Z] <<< [apiv2][status] POST https://cloudresourcemanager.googleapis.com/v1/projects/stackline-assessment-e030a:testIamPermissions 200
[debug] [2024-05-14T22:09:44.947Z] <<< [apiv2][body] POST https://cloudresourcemanager.googleapis.com/v1/projects/stackline-assessment-e030a:testIamPermissions {"permissions":["firebase.projects.get","firebasehosting.sites.update"]}
[debug] [2024-05-14T22:09:44.948Z] >>> [apiv2][query] GET https://firebase.googleapis.com/v1beta1/projects/stackline-assessment-e030a [none]
[debug] [2024-05-14T22:09:45.169Z] <<< [apiv2][status] GET https://firebase.googleapis.com/v1beta1/projects/stackline-assessment-e030a 200
[debug] [2024-05-14T22:09:45.169Z] <<< [apiv2][body] GET https://firebase.googleapis.com/v1beta1/projects/stackline-assessment-e030a {"projectId":"stackline-assessment-e030a","projectNumber":"957039848756","displayName":"Stackline-Assessment","name":"projects/stackline-assessment-e030a","resources":{"hostingSite":"stackline-assessment-e030a"},"state":"ACTIVE","etag":"1_da0d1fab-caf8-4b1d-b69d-a3f94c872bd6"}
[info] 
   Thank you for trying our early preview of Next.js support on Firebase Hosting.
   During the preview, support is best-effort and breaking changes can be expected. Proceed with caution.
   The integration is known to work with Next.js version 12 - 14.0. You may encounter errors.

   Documentation: https://firebase.google.com/docs/hosting/frameworks/nextjs
   File a bug: https://github.com/firebase/firebase-tools/issues/new?template=bug_report.md
   Submit a feature request: https://github.com/firebase/firebase-tools/issues/new?template=feature_request.md

   We'd love to learn from you. Express your interest in helping us shape the future of Firebase Hosting: https://goo.gle/41enW5X

[debug] [2024-05-14T22:09:51.381Z] >>> [apiv2][query] GET https://firebasehosting.googleapis.com/v1beta1/projects/stackline-assessment-e030a/sites/stackline-assessment-e030a [none]
[debug] [2024-05-14T22:09:51.985Z] <<< [apiv2][status] GET https://firebasehosting.googleapis.com/v1beta1/projects/stackline-assessment-e030a/sites/stackline-assessment-e030a 200
[debug] [2024-05-14T22:09:51.986Z] <<< [apiv2][body] GET https://firebasehosting.googleapis.com/v1beta1/projects/stackline-assessment-e030a/sites/stackline-assessment-e030a {"name":"projects/stackline-assessment-e030a/sites/stackline-assessment-e030a","defaultUrl":"https://stackline-assessment-e030a.web.app","type":"DEFAULT_SITE"}
[info]   ▲ Next.js 14.2.3

[info] 

[info]    Creating an optimized production build ...

[info] Failed to compile.


[info] ./app/quotes/page.tsx
Module not found: Can't resolve '../components/quotes/Quotes'

https://nextjs.org/docs/messages/module-not-found


> Build failed because of webpack errors

[debug] [2024-05-14T22:10:05.977Z] Error: ENOENT: no such file or directory, open 'C:\Users\chane\OneDrive\Documents\code\stackline-assessment\.next\export-marker.json'
[error] 
[error] Error: An unexpected error has occurred.
